<?xml version="1.0" encoding="UTF-8"?>
<integrity name="Integrity JUnit Testing" timestamp="25.08.20 17:39" isotimestamp="2020-08-25T17:39:41" duration="7.638">
  <variables />
  <suite id="0" name="integrity.basic.i18nDescriptionsDE" timestamp="25.08.20 17:39:41.0340">
    <setup />
    <variables />
    <statements>
      <suite id="1" line="14" name="integrity.basic.i18nDescriptions" timestamp="25.08.20 17:39:41.0340">
        <setup />
        <variables />
        <statements>
          <call id="2" line="5" name="noOpI18NDescriptionCall" description="Tut absolut gar nichts." fixture="de.gebit.integrity.tests.fixtures.basic.NoOpFixture#noOpI18NDescription" timestamp="25.08.20 17:39:41.0341">
            <parameters />
            <result duration="0.018" type="success" />
          </call>
          <test id="3" line="6" name="noOpI18NDescriptionTest" description="Tut absolut gar nichts." fixture="de.gebit.integrity.tests.fixtures.basic.NoOpFixture#noOpI18NDescription" timestamp="25.08.20 17:39:41.0342">
            <results duration="0.015" successCount="0" failureCount="0" exceptionCount="1">
              <result duration="0.015" description="Tut absolut gar nichts." type="exception" exceptionMessage="If no expected test result is given and the fixture is not a CustomComparatorFixture, the test fixture must return a boolean result!" exceptionTrace="java.lang.IllegalArgumentException: If no expected test result is given and the fixture is not a CustomComparatorFixture, the test fixture must return a boolean result!&#xA;&#x9;at de.gebit.integrity.runner.comparator.DefaultResultComparator.compareResult(DefaultResultComparator.java:255)&#xA;&#x9;at de.gebit.integrity.runner.DefaultTestRunner.executeTest(DefaultTestRunner.java:1884)&#xA;&#x9;at de.gebit.integrity.runner.DefaultTestRunner.executeSuite(DefaultTestRunner.java:1460)&#xA;&#x9;at de.gebit.integrity.runner.DefaultTestRunner.callSuiteSingle(DefaultTestRunner.java:1154)&#xA;&#x9;at de.gebit.integrity.runner.DefaultTestRunner.callSuite(DefaultTestRunner.java:1013)&#xA;&#x9;at de.gebit.integrity.runner.DefaultTestRunner.executeSuite(DefaultTestRunner.java:1456)&#xA;&#x9;at de.gebit.integrity.runner.DefaultTestRunner.callSuiteSingle(DefaultTestRunner.java:1154)&#xA;&#x9;at de.gebit.integrity.runner.DefaultTestRunner$6.run(DefaultTestRunner.java:957)&#xA;&#x9;at de.gebit.integrity.runner.DefaultTestRunner$6.run(DefaultTestRunner.java:1)&#xA;&#x9;at de.gebit.integrity.runner.logging.TestRunnerPerformanceLogger.executeAndLog(TestRunnerPerformanceLogger.java:101)&#xA;&#x9;at de.gebit.integrity.runner.DefaultTestRunner.runInternal(DefaultTestRunner.java:952)&#xA;&#x9;at de.gebit.integrity.runner.DefaultTestRunner.run(DefaultTestRunner.java:819)&#xA;&#x9;at de.gebit.integrity.runner.DefaultTestRunner.run(DefaultTestRunner.java:709)&#xA;&#x9;at de.gebit.integrity.tests.junit.IntegrityJUnitTest.executeIntegritySuite(IntegrityJUnitTest.java:176)&#xA;&#x9;at de.gebit.integrity.tests.junit.IntegrityJUnitTest.executeIntegritySuite(IntegrityJUnitTest.java:112)&#xA;&#x9;at de.gebit.integrity.tests.junit.basic.I18NDescriptions.testDELanguage(I18NDescriptions.java:53)&#xA;&#x9;at sun.reflect.NativeMethodAccessorImpl.invoke0(Native Method)&#xA;&#x9;at sun.reflect.NativeMethodAccessorImpl.invoke(NativeMethodAccessorImpl.java:62)&#xA;&#x9;at sun.reflect.DelegatingMethodAccessorImpl.invoke(DelegatingMethodAccessorImpl.java:43)&#xA;&#x9;at java.lang.reflect.Method.invoke(Method.java:498)&#xA;&#x9;at org.junit.runners.model.FrameworkMethod$1.runReflectiveCall(FrameworkMethod.java:59)&#xA;&#x9;at org.junit.internal.runners.model.ReflectiveCallable.run(ReflectiveCallable.java:12)&#xA;&#x9;at org.junit.runners.model.FrameworkMethod.invokeExplosively(FrameworkMethod.java:56)&#xA;&#x9;at org.junit.internal.runners.statements.InvokeMethod.evaluate(InvokeMethod.java:17)&#xA;&#x9;at org.junit.runners.ParentRunner$3.evaluate(ParentRunner.java:306)&#xA;&#x9;at org.junit.runners.BlockJUnit4ClassRunner$1.evaluate(BlockJUnit4ClassRunner.java:100)&#xA;&#x9;at org.junit.runners.ParentRunner.runLeaf(ParentRunner.java:366)&#xA;&#x9;at org.junit.runners.BlockJUnit4ClassRunner.runChild(BlockJUnit4ClassRunner.java:103)&#xA;&#x9;at org.junit.runners.BlockJUnit4ClassRunner.runChild(BlockJUnit4ClassRunner.java:63)&#xA;&#x9;at org.junit.runners.ParentRunner$4.run(ParentRunner.java:331)&#xA;&#x9;at org.junit.runners.ParentRunner$1.schedule(ParentRunner.java:79)&#xA;&#x9;at org.junit.runners.ParentRunner.runChildren(ParentRunner.java:329)&#xA;&#x9;at org.junit.runners.ParentRunner.access$100(ParentRunner.java:66)&#xA;&#x9;at org.junit.runners.ParentRunner$2.evaluate(ParentRunner.java:293)&#xA;&#x9;at org.junit.runners.ParentRunner$3.evaluate(ParentRunner.java:306)&#xA;&#x9;at org.junit.runners.ParentRunner.run(ParentRunner.java:413)&#xA;&#x9;at org.eclipse.jdt.internal.junit4.runner.JUnit4TestReference.run(JUnit4TestReference.java:89)&#xA;&#x9;at org.eclipse.jdt.internal.junit.runner.TestExecution.run(TestExecution.java:41)&#xA;&#x9;at org.eclipse.jdt.internal.junit.runner.RemoteTestRunner.runTests(RemoteTestRunner.java:542)&#xA;&#x9;at org.eclipse.jdt.internal.junit.runner.RemoteTestRunner.runTests(RemoteTestRunner.java:770)&#xA;&#x9;at org.eclipse.jdt.internal.junit.runner.RemoteTestRunner.run(RemoteTestRunner.java:464)&#xA;&#x9;at org.eclipse.jdt.internal.junit.runner.RemoteTestRunner.main(RemoteTestRunner.java:210)&#xA;">
                <parameters />
              </result>
            </results>
          </test>
          <call id="4" line="8" name="noOpI18NDescriptionSpecificCall" description="Tut absolut gar nichts wenn aufgerufen." fixture="de.gebit.integrity.tests.fixtures.basic.NoOpFixture#noOpI18NDescriptionSpecific" timestamp="25.08.20 17:39:41.0345">
            <parameters />
            <result duration="0.016" type="success" />
          </call>
          <test id="5" line="9" name="noOpI18NDescriptionSpecificTest" description="Tut absolut gar nichts wenn getestet." fixture="de.gebit.integrity.tests.fixtures.basic.NoOpFixture#noOpI18NDescriptionSpecific" timestamp="25.08.20 17:39:41.0345">
            <results duration="0.027" successCount="0" failureCount="0" exceptionCount="1">
              <result duration="0.027" description="Tut absolut gar nichts wenn getestet." type="exception" exceptionMessage="If no expected test result is given and the fixture is not a CustomComparatorFixture, the test fixture must return a boolean result!" exceptionTrace="java.lang.IllegalArgumentException: If no expected test result is given and the fixture is not a CustomComparatorFixture, the test fixture must return a boolean result!&#xA;&#x9;at de.gebit.integrity.runner.comparator.DefaultResultComparator.compareResult(DefaultResultComparator.java:255)&#xA;&#x9;at de.gebit.integrity.runner.DefaultTestRunner.executeTest(DefaultTestRunner.java:1884)&#xA;&#x9;at de.gebit.integrity.runner.DefaultTestRunner.executeSuite(DefaultTestRunner.java:1460)&#xA;&#x9;at de.gebit.integrity.runner.DefaultTestRunner.callSuiteSingle(DefaultTestRunner.java:1154)&#xA;&#x9;at de.gebit.integrity.runner.DefaultTestRunner.callSuite(DefaultTestRunner.java:1013)&#xA;&#x9;at de.gebit.integrity.runner.DefaultTestRunner.executeSuite(DefaultTestRunner.java:1456)&#xA;&#x9;at de.gebit.integrity.runner.DefaultTestRunner.callSuiteSingle(DefaultTestRunner.java:1154)&#xA;&#x9;at de.gebit.integrity.runner.DefaultTestRunner$6.run(DefaultTestRunner.java:957)&#xA;&#x9;at de.gebit.integrity.runner.DefaultTestRunner$6.run(DefaultTestRunner.java:1)&#xA;&#x9;at de.gebit.integrity.runner.logging.TestRunnerPerformanceLogger.executeAndLog(TestRunnerPerformanceLogger.java:101)&#xA;&#x9;at de.gebit.integrity.runner.DefaultTestRunner.runInternal(DefaultTestRunner.java:952)&#xA;&#x9;at de.gebit.integrity.runner.DefaultTestRunner.run(DefaultTestRunner.java:819)&#xA;&#x9;at de.gebit.integrity.runner.DefaultTestRunner.run(DefaultTestRunner.java:709)&#xA;&#x9;at de.gebit.integrity.tests.junit.IntegrityJUnitTest.executeIntegritySuite(IntegrityJUnitTest.java:176)&#xA;&#x9;at de.gebit.integrity.tests.junit.IntegrityJUnitTest.executeIntegritySuite(IntegrityJUnitTest.java:112)&#xA;&#x9;at de.gebit.integrity.tests.junit.basic.I18NDescriptions.testDELanguage(I18NDescriptions.java:53)&#xA;&#x9;at sun.reflect.NativeMethodAccessorImpl.invoke0(Native Method)&#xA;&#x9;at sun.reflect.NativeMethodAccessorImpl.invoke(NativeMethodAccessorImpl.java:62)&#xA;&#x9;at sun.reflect.DelegatingMethodAccessorImpl.invoke(DelegatingMethodAccessorImpl.java:43)&#xA;&#x9;at java.lang.reflect.Method.invoke(Method.java:498)&#xA;&#x9;at org.junit.runners.model.FrameworkMethod$1.runReflectiveCall(FrameworkMethod.java:59)&#xA;&#x9;at org.junit.internal.runners.model.ReflectiveCallable.run(ReflectiveCallable.java:12)&#xA;&#x9;at org.junit.runners.model.FrameworkMethod.invokeExplosively(FrameworkMethod.java:56)&#xA;&#x9;at org.junit.internal.runners.statements.InvokeMethod.evaluate(InvokeMethod.java:17)&#xA;&#x9;at org.junit.runners.ParentRunner$3.evaluate(ParentRunner.java:306)&#xA;&#x9;at org.junit.runners.BlockJUnit4ClassRunner$1.evaluate(BlockJUnit4ClassRunner.java:100)&#xA;&#x9;at org.junit.runners.ParentRunner.runLeaf(ParentRunner.java:366)&#xA;&#x9;at org.junit.runners.BlockJUnit4ClassRunner.runChild(BlockJUnit4ClassRunner.java:103)&#xA;&#x9;at org.junit.runners.BlockJUnit4ClassRunner.runChild(BlockJUnit4ClassRunner.java:63)&#xA;&#x9;at org.junit.runners.ParentRunner$4.run(ParentRunner.java:331)&#xA;&#x9;at org.junit.runners.ParentRunner$1.schedule(ParentRunner.java:79)&#xA;&#x9;at org.junit.runners.ParentRunner.runChildren(ParentRunner.java:329)&#xA;&#x9;at org.junit.runners.ParentRunner.access$100(ParentRunner.java:66)&#xA;&#x9;at org.junit.runners.ParentRunner$2.evaluate(ParentRunner.java:293)&#xA;&#x9;at org.junit.runners.ParentRunner$3.evaluate(ParentRunner.java:306)&#xA;&#x9;at org.junit.runners.ParentRunner.run(ParentRunner.java:413)&#xA;&#x9;at org.eclipse.jdt.internal.junit4.runner.JUnit4TestReference.run(JUnit4TestReference.java:89)&#xA;&#x9;at org.eclipse.jdt.internal.junit.runner.TestExecution.run(TestExecution.java:41)&#xA;&#x9;at org.eclipse.jdt.internal.junit.runner.RemoteTestRunner.runTests(RemoteTestRunner.java:542)&#xA;&#x9;at org.eclipse.jdt.internal.junit.runner.RemoteTestRunner.runTests(RemoteTestRunner.java:770)&#xA;&#x9;at org.eclipse.jdt.internal.junit.runner.RemoteTestRunner.run(RemoteTestRunner.java:464)&#xA;&#x9;at org.eclipse.jdt.internal.junit.runner.RemoteTestRunner.main(RemoteTestRunner.java:210)&#xA;">
                <parameters />
              </result>
            </results>
          </test>
        </statements>
        <returns />
        <teardown />
        <result duration="6.664" successCount="0" failureCount="0" exceptionCount="2" testExceptionCount="2" callExceptionCount="0" />
      </suite>
    </statements>
    <returns />
    <teardown />
    <result duration="7.222" successCount="0" failureCount="0" exceptionCount="2" testExceptionCount="2" callExceptionCount="0" />
  </suite>
</integrity>

